<?xml version="1.0" encoding="UTF-8"?>
<testsuite xmlns:xsi="http://www.w3.org/2001/XMLSchema-instance" xsi:noNamespaceSchemaLocation="https://maven.apache.org/surefire/maven-failsafe-plugin/xsd/failsafe-test-report-3.0.xsd" version="3.0" name="com.deosite.tests.OrderingLoggedInSuite_2" time="145.585" tests="4" errors="0" skipped="0" failures="0">
  <properties>
    <property name="sun.desktop" value="gnome"/>
    <property name="awt.toolkit" value="sun.awt.X11.XToolkit"/>
    <property name="java.specification.version" value="11"/>
    <property name="webdriver.chrome.driver" value="/home/deosite/.cache/selenium/chromedriver/linux64/98.0.4758.102/chromedriver"/>
    <property name="sun.cpu.isalist" value=""/>
    <property name="sun.jnu.encoding" value="UTF-8"/>
    <property name="java.class.path" value="/home/deosite/Dajar_Production_Main/target/test-classes:/home/deosite/Dajar_Production_Main/target/tests-0.0.1.jar:/home/deosite/.m2/repository/org/apache/commons/commons-lang3/3.12.0/commons-lang3-3.12.0.jar:/home/deosite/.m2/repository/commons-net/commons-net/3.7.2/commons-net-3.7.2.jar:/home/deosite/.m2/repository/joda-time/joda-time/2.10.5/joda-time-2.10.5.jar:/home/deosite/.m2/repository/io/cucumber/datatable/3.5.0/datatable-3.5.0.jar:/home/deosite/.m2/repository/org/apiguardian/apiguardian-api/1.1.1/apiguardian-api-1.1.1.jar:/home/deosite/.m2/repository/net/serenity-bdd/serenity-core/2.4.35/serenity-core-2.4.35.jar:/home/deosite/.m2/repository/net/serenity-bdd/serenity-model/2.4.35/serenity-model-2.4.35.jar:/home/deosite/.m2/repository/org/apache/commons/commons-text/1.9/commons-text-1.9.jar:/home/deosite/.m2/repository/com/google/guava/guava/30.1-jre/guava-30.1-jre.jar:/home/deosite/.m2/repository/com/google/guava/failureaccess/1.0.1/failureaccess-1.0.1.jar:/home/deosite/.m2/repository/com/google/guava/listenablefuture/9999.0-empty-to-avoid-conflict-with-guava/listenablefuture-9999.0-empty-to-avoid-conflict-with-guava.jar:/home/deosite/.m2/repository/com/google/code/findbugs/jsr305/3.0.2/jsr305-3.0.2.jar:/home/deosite/.m2/repository/org/checkerframework/checker-qual/3.5.0/checker-qual-3.5.0.jar:/home/deosite/.m2/repository/com/google/errorprone/error_prone_annotations/2.3.4/error_prone_annotations-2.3.4.jar:/home/deosite/.m2/repository/com/google/j2objc/j2objc-annotations/1.3/j2objc-annotations-1.3.jar:/home/deosite/.m2/repository/org/slf4j/slf4j-api/1.7.30/slf4j-api-1.7.30.jar:/home/deosite/.m2/repository/com/google/inject/guice/5.0.1/guice-5.0.1.jar:/home/deosite/.m2/repository/javax/inject/javax.inject/1/javax.inject-1.jar:/home/deosite/.m2/repository/aopalliance/aopalliance/1.0/aopalliance-1.0.jar:/home/deosite/.m2/repository/org/jsoup/jsoup/1.13.1/jsoup-1.13.1.jar:/home/deosite/.m2/repository/com/thoughtworks/xstream/xstream/1.4.17/xstream-1.4.17.jar:/home/deosite/.m2/repository/io/github/x-stream/mxparser/1.2.1/mxparser-1.2.1.jar:/home/deosite/.m2/repository/xmlpull/xmlpull/1.1.3.1/xmlpull-1.1.3.1.jar:/home/deosite/.m2/repository/com/typesafe/config/1.3.1/config-1.3.1.jar:/home/deosite/.m2/repository/org/imgscalr/imgscalr-lib/4.2/imgscalr-lib-4.2.jar:/home/deosite/.m2/repository/org/awaitility/awaitility/4.0.3/awaitility-4.0.3.jar:/home/deosite/.m2/repository/org/freemarker/freemarker/2.3.29/freemarker-2.3.29.jar:/home/deosite/.m2/repository/net/sourceforge/jexcelapi/jxl/2.6.12/jxl-2.6.12.jar:/home/deosite/.m2/repository/org/asciidoctor/asciidoctorj/2.5.1/asciidoctorj-2.5.1.jar:/home/deosite/.m2/repository/org/asciidoctor/asciidoctorj-api/2.5.1/asciidoctorj-api-2.5.1.jar:/home/deosite/.m2/repository/org/jruby/jruby/9.2.17.0/jruby-9.2.17.0.jar:/home/deosite/.m2/repository/org/jruby/jruby-core/9.2.17.0/jruby-core-9.2.17.0.jar:/home/deosite/.m2/repository/com/github/jnr/jnr-netdb/1.2.0/jnr-netdb-1.2.0.jar:/home/deosite/.m2/repository/com/github/jnr/jnr-enxio/0.32.3/jnr-enxio-0.32.3.jar:/home/deosite/.m2/repository/com/github/jnr/jnr-unixsocket/0.38.5/jnr-unixsocket-0.38.5.jar:/home/deosite/.m2/repository/com/github/jnr/jnr-posix/3.1.4/jnr-posix-3.1.4.jar:/home/deosite/.m2/repository/com/github/jnr/jnr-constants/0.10.1/jnr-constants-0.10.1.jar:/home/deosite/.m2/repository/com/github/jnr/jffi/1.3.1/jffi-1.3.1.jar:/home/deosite/.m2/repository/com/github/jnr/jffi/1.3.1/jffi-1.3.1-native.jar:/home/deosite/.m2/repository/org/jruby/joni/joni/2.1.31/joni-2.1.31.jar:/home/deosite/.m2/repository/org/jruby/jcodings/jcodings/1.0.46/jcodings-1.0.46.jar:/home/deosite/.m2/repository/org/jruby/dirgra/0.3/dirgra-0.3.jar:/home/deosite/.m2/repository/com/headius/invokebinder/1.11/invokebinder-1.11.jar:/home/deosite/.m2/repository/com/headius/options/1.4/options-1.4.jar:/home/deosite/.m2/repository/com/jcraft/jzlib/1.1.3/jzlib-1.1.3.jar:/home/deosite/.m2/repository/com/martiansoftware/nailgun-server/0.9.1/nailgun-server-0.9.1.jar:/home/deosite/.m2/repository/com/headius/backport9/1.8/backport9-1.8.jar:/home/deosite/.m2/repository/javax/annotation/javax.annotation-api/1.3.1/javax.annotation-api-1.3.1.jar:/home/deosite/.m2/repository/org/jruby/jruby-stdlib/9.2.17.0/jruby-stdlib-9.2.17.0.jar:/home/deosite/.m2/repository/net/bytebuddy/byte-buddy/1.11.1/byte-buddy-1.11.1.jar:/home/deosite/.m2/repository/net/bytebuddy/byte-buddy-agent/1.11.1/byte-buddy-agent-1.11.1.jar:/home/deosite/.m2/repository/org/objenesis/objenesis/3.1/objenesis-3.1.jar:/home/deosite/.m2/repository/net/serenity-bdd/serenity-reports/2.4.35/serenity-reports-2.4.35.jar:/home/deosite/.m2/repository/net/serenity-bdd/serenity-stats/2.4.35/serenity-stats-2.4.35.jar:/home/deosite/.m2/repository/net/serenity-bdd/serenity-reports-configuration/2.4.35/serenity-reports-configuration-2.4.35.jar:/home/deosite/.m2/repository/com/vladsch/flexmark/flexmark-all/0.34.30/flexmark-all-0.34.30.jar:/home/deosite/.m2/repository/com/vladsch/flexmark/flexmark/0.34.30/flexmark-0.34.30.jar:/home/deosite/.m2/repository/com/vladsch/flexmark/flexmark-ext-abbreviation/0.34.30/flexmark-ext-abbreviation-0.34.30.jar:/home/deosite/.m2/repository/com/vladsch/flexmark/flexmark-ext-admonition/0.34.30/flexmark-ext-admonition-0.34.30.jar:/home/deosite/.m2/repository/com/vladsch/flexmark/flexmark-ext-anchorlink/0.34.30/flexmark-ext-anchorlink-0.34.30.jar:/home/deosite/.m2/repository/com/vladsch/flexmark/flexmark-ext-aside/0.34.30/flexmark-ext-aside-0.34.30.jar:/home/deosite/.m2/repository/com/vladsch/flexmark/flexmark-ext-attributes/0.34.30/flexmark-ext-attributes-0.34.30.jar:/home/deosite/.m2/repository/com/vladsch/flexmark/flexmark-ext-autolink/0.34.30/flexmark-ext-autolink-0.34.30.jar:/home/deosite/.m2/repository/org/nibor/autolink/autolink/0.6.0/autolink-0.6.0.jar:/home/deosite/.m2/repository/com/vladsch/flexmark/flexmark-ext-definition/0.34.30/flexmark-ext-definition-0.34.30.jar:/home/deosite/.m2/repository/com/vladsch/flexmark/flexmark-ext-emoji/0.34.30/flexmark-ext-emoji-0.34.30.jar:/home/deosite/.m2/repository/com/vladsch/flexmark/flexmark-ext-enumerated-reference/0.34.30/flexmark-ext-enumerated-reference-0.34.30.jar:/home/deosite/.m2/repository/com/vladsch/flexmark/flexmark-ext-escaped-character/0.34.30/flexmark-ext-escaped-character-0.34.30.jar:/home/deosite/.m2/repository/com/vladsch/flexmark/flexmark-ext-footnotes/0.34.30/flexmark-ext-footnotes-0.34.30.jar:/home/deosite/.m2/repository/com/vladsch/flexmark/flexmark-ext-gfm-issues/0.34.30/flexmark-ext-gfm-issues-0.34.30.jar:/home/deosite/.m2/repository/com/vladsch/flexmark/flexmark-ext-gfm-strikethrough/0.34.30/flexmark-ext-gfm-strikethrough-0.34.30.jar:/home/deosite/.m2/repository/com/vladsch/flexmark/flexmark-ext-gfm-tables/0.34.30/flexmark-ext-gfm-tables-0.34.30.jar:/home/deosite/.m2/repository/com/vladsch/flexmark/flexmark-ext-gfm-tasklist/0.34.30/flexmark-ext-gfm-tasklist-0.34.30.jar:/home/deosite/.m2/repository/com/vladsch/flexmark/flexmark-ext-gfm-users/0.34.30/flexmark-ext-gfm-users-0.34.30.jar:/home/deosite/.m2/repository/com/vladsch/flexmark/flexmark-ext-gitlab/0.34.30/flexmark-ext-gitlab-0.34.30.jar:/home/deosite/.m2/repository/com/vladsch/flexmark/flexmark-ext-jekyll-front-matter/0.34.30/flexmark-ext-jekyll-front-matter-0.34.30.jar:/home/deosite/.m2/repository/com/vladsch/flexmark/flexmark-ext-jekyll-tag/0.34.30/flexmark-ext-jekyll-tag-0.34.30.jar:/home/deosite/.m2/repository/com/vladsch/flexmark/flexmark-ext-media-tags/0.34.30/flexmark-ext-media-tags-0.34.30.jar:/home/deosite/.m2/repository/com/vladsch/flexmark/flexmark-test-util/0.34.30/flexmark-test-util-0.34.30.jar:/home/deosite/.m2/repository/com/vladsch/flexmark/flexmark-ext-ins/0.34.30/flexmark-ext-ins-0.34.30.jar:/home/deosite/.m2/repository/com/vladsch/flexmark/flexmark-ext-xwiki-macros/0.34.30/flexmark-ext-xwiki-macros-0.34.30.jar:/home/deosite/.m2/repository/com/vladsch/flexmark/flexmark-ext-superscript/0.34.30/flexmark-ext-superscript-0.34.30.jar:/home/deosite/.m2/repository/com/vladsch/flexmark/flexmark-ext-tables/0.34.30/flexmark-ext-tables-0.34.30.jar:/home/deosite/.m2/repository/com/vladsch/flexmark/flexmark-ext-toc/0.34.30/flexmark-ext-toc-0.34.30.jar:/home/deosite/.m2/repository/com/vladsch/flexmark/flexmark-ext-typographic/0.34.30/flexmark-ext-typographic-0.34.30.jar:/home/deosite/.m2/repository/com/vladsch/flexmark/flexmark-ext-wikilink/0.34.30/flexmark-ext-wikilink-0.34.30.jar:/home/deosite/.m2/repository/com/vladsch/flexmark/flexmark-ext-yaml-front-matter/0.34.30/flexmark-ext-yaml-front-matter-0.34.30.jar:/home/deosite/.m2/repository/com/vladsch/flexmark/flexmark-ext-youtube-embedded/0.34.30/flexmark-ext-youtube-embedded-0.34.30.jar:/home/deosite/.m2/repository/com/vladsch/flexmark/flexmark-formatter/0.34.30/flexmark-formatter-0.34.30.jar:/home/deosite/.m2/repository/com/vladsch/flexmark/flexmark-html-parser/0.34.30/flexmark-html-parser-0.34.30.jar:/home/deosite/.m2/repository/com/vladsch/flexmark/flexmark-jira-converter/0.34.30/flexmark-jira-converter-0.34.30.jar:/home/deosite/.m2/repository/com/vladsch/flexmark/flexmark-pdf-converter/0.34.30/flexmark-pdf-converter-0.34.30.jar:/home/deosite/.m2/repository/com/openhtmltopdf/openhtmltopdf-core/0.0.1-RC13/openhtmltopdf-core-0.0.1-RC13.jar:/home/deosite/.m2/repository/com/openhtmltopdf/openhtmltopdf-pdfbox/0.0.1-RC13/openhtmltopdf-pdfbox-0.0.1-RC13.jar:/home/deosite/.m2/repository/org/apache/pdfbox/pdfbox/2.0.8/pdfbox-2.0.8.jar:/home/deosite/.m2/repository/org/apache/pdfbox/fontbox/2.0.8/fontbox-2.0.8.jar:/home/deosite/.m2/repository/org/apache/pdfbox/xmpbox/2.0.8/xmpbox-2.0.8.jar:/home/deosite/.m2/repository/de/rototor/pdfbox/graphics2d/0.12/graphics2d-0.12.jar:/home/deosite/.m2/repository/com/openhtmltopdf/openhtmltopdf-rtl-support/0.0.1-RC13/openhtmltopdf-rtl-support-0.0.1-RC13.jar:/home/deosite/.m2/repository/com/ibm/icu/icu4j/59.1/icu4j-59.1.jar:/home/deosite/.m2/repository/com/openhtmltopdf/openhtmltopdf-jsoup-dom-converter/0.0.1-RC13/openhtmltopdf-jsoup-dom-converter-0.0.1-RC13.jar:/home/deosite/.m2/repository/com/vladsch/flexmark/flexmark-profile-pegdown/0.34.30/flexmark-profile-pegdown-0.34.30.jar:/home/deosite/.m2/repository/com/vladsch/flexmark/flexmark-util/0.34.30/flexmark-util-0.34.30.jar:/home/deosite/.m2/repository/com/vladsch/flexmark/flexmark-youtrack-converter/0.34.30/flexmark-youtrack-converter-0.34.30.jar:/home/deosite/.m2/repository/es/nitaur/markdown/txtmark/0.16/txtmark-0.16.jar:/home/deosite/.m2/repository/net/serenity-bdd/serenity-report-resources/2.4.35/serenity-report-resources-2.4.35.jar:/home/deosite/.m2/repository/com/google/code/gson/gson/2.8.7/gson-2.8.7.jar:/home/deosite/.m2/repository/commons-codec/commons-codec/1.15/commons-codec-1.15.jar:/home/deosite/.m2/repository/commons-io/commons-io/2.8.0/commons-io-2.8.0.jar:/home/deosite/.m2/repository/org/seleniumhq/selenium/selenium-server/3.141.59/selenium-server-3.141.59.jar:/home/deosite/.m2/repository/org/seleniumhq/selenium/selenium-opera-driver/3.141.59/selenium-opera-driver-3.141.59.jar:/home/deosite/.m2/repository/org/seleniumhq/selenium/selenium-remote-driver/3.141.59/selenium-remote-driver-3.141.59.jar:/home/deosite/.m2/repository/org/seleniumhq/selenium/selenium-safari-driver/3.141.59/selenium-safari-driver-3.141.59.jar:/home/deosite/.m2/repository/com/beust/jcommander/1.72/jcommander-1.72.jar:/home/deosite/.m2/repository/org/apache/commons/commons-exec/1.3/commons-exec-1.3.jar:/home/deosite/.m2/repository/net/jcip/jcip-annotations/1.0/jcip-annotations-1.0.jar:/home/deosite/.m2/repository/org/seleniumhq/selenium/jetty-repacked/9.4.12.v20180830/jetty-repacked-9.4.12.v20180830.jar:/home/deosite/.m2/repository/com/squareup/okhttp3/okhttp/3.11.0/okhttp-3.11.0.jar:/home/deosite/.m2/repository/com/squareup/okio/okio/1.14.0/okio-1.14.0.jar:/home/deosite/.m2/repository/javax/servlet/javax.servlet-api/3.1.0/javax.servlet-api-3.1.0.jar:/home/deosite/.m2/repository/org/yaml/snakeyaml/1.19/snakeyaml-1.19.jar:/home/deosite/.m2/repository/org/seleniumhq/selenium/selenium-java/3.141.59/selenium-java-3.141.59.jar:/home/deosite/.m2/repository/org/seleniumhq/selenium/selenium-api/3.141.59/selenium-api-3.141.59.jar:/home/deosite/.m2/repository/org/seleniumhq/selenium/selenium-support/3.141.59/selenium-support-3.141.59.jar:/home/deosite/.m2/repository/org/seleniumhq/selenium/selenium-chrome-driver/3.141.59/selenium-chrome-driver-3.141.59.jar:/home/deosite/.m2/repository/org/seleniumhq/selenium/selenium-firefox-driver/3.141.59/selenium-firefox-driver-3.141.59.jar:/home/deosite/.m2/repository/org/seleniumhq/selenium/selenium-edge-driver/3.141.59/selenium-edge-driver-3.141.59.jar:/home/deosite/.m2/repository/org/seleniumhq/selenium/selenium-ie-driver/3.141.59/selenium-ie-driver-3.141.59.jar:/home/deosite/.m2/repository/net/sourceforge/htmlunit/htmlunit/2.47.1/htmlunit-2.47.1.jar:/home/deosite/.m2/repository/xalan/xalan/2.7.2/xalan-2.7.2.jar:/home/deosite/.m2/repository/xalan/serializer/2.7.2/serializer-2.7.2.jar:/home/deosite/.m2/repository/org/apache/httpcomponents/httpmime/4.5.13/httpmime-4.5.13.jar:/home/deosite/.m2/repository/org/apache/httpcomponents/httpclient/4.5.13/httpclient-4.5.13.jar:/home/deosite/.m2/repository/org/apache/httpcomponents/httpcore/4.4.13/httpcore-4.4.13.jar:/home/deosite/.m2/repository/net/sourceforge/htmlunit/htmlunit-core-js/2.47.0/htmlunit-core-js-2.47.0.jar:/home/deosite/.m2/repository/net/sourceforge/htmlunit/neko-htmlunit/2.47.1/neko-htmlunit-2.47.1.jar:/home/deosite/.m2/repository/xerces/xercesImpl/2.12.0/xercesImpl-2.12.0.jar:/home/deosite/.m2/repository/xml-apis/xml-apis/1.4.01/xml-apis-1.4.01.jar:/home/deosite/.m2/repository/net/sourceforge/htmlunit/htmlunit-cssparser/1.7.0/htmlunit-cssparser-1.7.0.jar:/home/deosite/.m2/repository/org/brotli/dec/0.1.2/dec-0.1.2.jar:/home/deosite/.m2/repository/com/shapesecurity/salvation2/3.0.0/salvation2-3.0.0.jar:/home/deosite/.m2/repository/org/eclipse/jetty/websocket/websocket-client/9.4.36.v20210114/websocket-client-9.4.36.v20210114.jar:/home/deosite/.m2/repository/org/eclipse/jetty/jetty-client/9.4.36.v20210114/jetty-client-9.4.36.v20210114.jar:/home/deosite/.m2/repository/org/eclipse/jetty/jetty-http/9.4.36.v20210114/jetty-http-9.4.36.v20210114.jar:/home/deosite/.m2/repository/org/eclipse/jetty/jetty-util/9.4.36.v20210114/jetty-util-9.4.36.v20210114.jar:/home/deosite/.m2/repository/org/eclipse/jetty/jetty-io/9.4.36.v20210114/jetty-io-9.4.36.v20210114.jar:/home/deosite/.m2/repository/org/eclipse/jetty/websocket/websocket-common/9.4.36.v20210114/websocket-common-9.4.36.v20210114.jar:/home/deosite/.m2/repository/org/eclipse/jetty/websocket/websocket-api/9.4.36.v20210114/websocket-api-9.4.36.v20210114.jar:/home/deosite/.m2/repository/org/projectlombok/lombok/1.18.20/lombok-1.18.20.jar:/home/deosite/.m2/repository/org/seleniumhq/selenium/htmlunit-driver/2.47.1/htmlunit-driver-2.47.1.jar:/home/deosite/.m2/repository/com/codeborne/phantomjsdriver/1.4.4/phantomjsdriver-1.4.4.jar:/home/deosite/.m2/repository/io/appium/java-client/7.5.1/java-client-7.5.1.jar:/home/deosite/.m2/repository/commons-validator/commons-validator/1.7/commons-validator-1.7.jar:/home/deosite/.m2/repository/commons-digester/commons-digester/2.1/commons-digester-2.1.jar:/home/deosite/.m2/repository/org/aspectj/aspectjweaver/1.9.6/aspectjweaver-1.9.6.jar:/home/deosite/.m2/repository/org/codehaus/groovy/groovy/3.0.8/groovy-3.0.8.jar:/home/deosite/.m2/repository/net/sf/opencsv/opencsv/2.0/opencsv-2.0.jar:/home/deosite/.m2/repository/commons-beanutils/commons-beanutils/1.9.4/commons-beanutils-1.9.4.jar:/home/deosite/.m2/repository/commons-collections/commons-collections/3.2.2/commons-collections-3.2.2.jar:/home/deosite/.m2/repository/org/fluentlenium/fluentlenium-core/0.10.2/fluentlenium-core-0.10.2.jar:/home/deosite/.m2/repository/io/github/bonigarcia/webdrivermanager/4.4.1/webdrivermanager-4.4.1.jar:/home/deosite/.m2/repository/org/apache/httpcomponents/client5/httpclient5/5.0.3/httpclient5-5.0.3.jar:/home/deosite/.m2/repository/org/apache/httpcomponents/core5/httpcore5/5.0.2/httpcore5-5.0.2.jar:/home/deosite/.m2/repository/org/apache/httpcomponents/core5/httpcore5-h2/5.0.2/httpcore5-h2-5.0.2.jar:/home/deosite/.m2/repository/org/rauschig/jarchivelib/1.1.0/jarchivelib-1.1.0.jar:/home/deosite/.m2/repository/org/apache/commons/commons-compress/1.20/commons-compress-1.20.jar:/home/deosite/.m2/repository/com/jhlabs/filters/2.0.235/filters-2.0.235.jar:/home/deosite/.m2/repository/com/assertthat/selenium-shutterbug/1.5/selenium-shutterbug-1.5.jar:/home/deosite/.m2/repository/com/github/zafarkhaja/java-semver/0.9.0/java-semver-0.9.0.jar:/home/deosite/.m2/repository/ru/yandex/qatools/ashot/ashot/1.5.4/ashot-1.5.4.jar:/home/deosite/.m2/repository/com/paulhammant/ngwebdriver/1.1.5/ngwebdriver-1.1.5.jar:/home/deosite/.m2/repository/com/google/jimfs/jimfs/1.1/jimfs-1.1.jar:/home/deosite/.m2/repository/org/mockito/mockito-core/3.3.3/mockito-core-3.3.3.jar:/home/deosite/.m2/repository/org/assertj/assertj-core/3.18.0/assertj-core-3.18.0.jar:/home/deosite/.m2/repository/javax/xml/bind/jaxb-api/2.3.1/jaxb-api-2.3.1.jar:/home/deosite/.m2/repository/javax/activation/javax.activation-api/1.2.0/javax.activation-api-1.2.0.jar:/home/deosite/.m2/repository/com/sun/xml/bind/jaxb-core/2.3.0.1/jaxb-core-2.3.0.1.jar:/home/deosite/.m2/repository/com/sun/xml/bind/jaxb-impl/2.3.3/jaxb-impl-2.3.3.jar:/home/deosite/.m2/repository/jakarta/xml/bind/jakarta.xml.bind-api/2.3.3/jakarta.xml.bind-api-2.3.3.jar:/home/deosite/.m2/repository/com/sun/activation/jakarta.activation/1.2.2/jakarta.activation-1.2.2.jar:/home/deosite/.m2/repository/javax/activation/activation/1.1.1/activation-1.1.1.jar:/home/deosite/.m2/repository/net/serenity-bdd/serenity-junit/2.4.35/serenity-junit-2.4.35.jar:/home/deosite/.m2/repository/net/serenity-bdd/serenity-cucumber6/2.4.34/serenity-cucumber6-2.4.34.jar:/home/deosite/.m2/repository/io/cucumber/datatable-matchers/3.4.0/datatable-matchers-3.4.0.jar:/home/deosite/.m2/repository/commons-logging/commons-logging/1.2/commons-logging-1.2.jar:/home/deosite/.m2/repository/org/apache/commons/commons-csv/1.5/commons-csv-1.5.jar:/home/deosite/.m2/repository/net/serenity-bdd/serenity-ensure/2.4.35/serenity-ensure-2.4.35.jar:/home/deosite/.m2/repository/org/jetbrains/kotlin/kotlin-stdlib/1.5.0/kotlin-stdlib-1.5.0.jar:/home/deosite/.m2/repository/org/jetbrains/annotations/13.0/annotations-13.0.jar:/home/deosite/.m2/repository/org/jetbrains/kotlin/kotlin-stdlib-common/1.5.0/kotlin-stdlib-common-1.5.0.jar:/home/deosite/.m2/repository/net/serenity-bdd/serenity-screenplay/2.4.35/serenity-screenplay-2.4.35.jar:/home/deosite/.m2/repository/net/serenity-bdd/serenity-screenplay-webdriver/2.4.35/serenity-screenplay-webdriver-2.4.35.jar:/home/deosite/.m2/repository/io/cucumber/cucumber-java/6.10.4/cucumber-java-6.10.4.jar:/home/deosite/.m2/repository/io/cucumber/cucumber-core/6.10.4/cucumber-core-6.10.4.jar:/home/deosite/.m2/repository/io/cucumber/cucumber-gherkin/6.10.4/cucumber-gherkin-6.10.4.jar:/home/deosite/.m2/repository/io/cucumber/cucumber-gherkin-messages/6.10.4/cucumber-gherkin-messages-6.10.4.jar:/home/deosite/.m2/repository/io/cucumber/messages/15.0.0/messages-15.0.0.jar:/home/deosite/.m2/repository/io/cucumber/tag-expressions/3.0.1/tag-expressions-3.0.1.jar:/home/deosite/.m2/repository/io/cucumber/cucumber-expressions/10.3.0/cucumber-expressions-10.3.0.jar:/home/deosite/.m2/repository/io/cucumber/cucumber-plugin/6.10.4/cucumber-plugin-6.10.4.jar:/home/deosite/.m2/repository/io/cucumber/docstring/6.10.4/docstring-6.10.4.jar:/home/deosite/.m2/repository/io/cucumber/html-formatter/13.0.0/html-formatter-13.0.0.jar:/home/deosite/.m2/repository/io/cucumber/create-meta/4.0.0/create-meta-4.0.0.jar:/home/deosite/.m2/repository/io/cucumber/cucumber-junit/6.10.4/cucumber-junit-6.10.4.jar:/home/deosite/.m2/repository/org/hamcrest/hamcrest/2.2/hamcrest-2.2.jar:/home/deosite/.m2/repository/junit/junit/4.13.2/junit-4.13.2.jar:/home/deosite/.m2/repository/org/hamcrest/hamcrest-core/1.3/hamcrest-core-1.3.jar:/home/deosite/.m2/repository/org/junit/jupiter/junit-jupiter-api/5.7.0/junit-jupiter-api-5.7.0.jar:/home/deosite/.m2/repository/org/opentest4j/opentest4j/1.2.0/opentest4j-1.2.0.jar:/home/deosite/.m2/repository/org/junit/platform/junit-platform-commons/1.7.0/junit-platform-commons-1.7.0.jar:/home/deosite/.m2/repository/org/junit/jupiter/junit-jupiter-engine/5.7.0/junit-jupiter-engine-5.7.0.jar:/home/deosite/.m2/repository/org/junit/platform/junit-platform-engine/1.7.0/junit-platform-engine-1.7.0.jar:/home/deosite/.m2/repository/org/junit/vintage/junit-vintage-engine/5.7.0/junit-vintage-engine-5.7.0.jar:"/>
    <property name="java.vm.vendor" value="Ubuntu"/>
    <property name="sun.arch.data.model" value="64"/>
    <property name="sun.font.fontmanager" value="sun.awt.X11FontManager"/>
    <property name="java.vendor.url" value="https://ubuntu.com/"/>
    <property name="user.timezone" value="Europe/Warsaw"/>
    <property name="java.vm.specification.version" value="11"/>
    <property name="os.name" value="Linux"/>
    <property name="sun.java.launcher" value="SUN_STANDARD"/>
    <property name="user.country" value="US"/>
    <property name="taskID" value="parallel_1"/>
    <property name="sun.boot.library.path" value="/usr/lib/jvm/java-11-openjdk-amd64/lib"/>
    <property name="sun.java.command" value="/home/deosite/Dajar_Production_Main/target/surefire/surefirebooter4403568733890513399.jar /home/deosite/Dajar_Production_Main/target/surefire 2022-04-01T14-40-46_227-jvmRun1 surefire6192123943810058158tmp surefire_02615961970430275445tmp"/>
    <property name="jdk.debug" value="release"/>
    <property name="surefire.test.class.path" value="/home/deosite/Dajar_Production_Main/target/test-classes:/home/deosite/Dajar_Production_Main/target/tests-0.0.1.jar:/home/deosite/.m2/repository/org/apache/commons/commons-lang3/3.12.0/commons-lang3-3.12.0.jar:/home/deosite/.m2/repository/commons-net/commons-net/3.7.2/commons-net-3.7.2.jar:/home/deosite/.m2/repository/joda-time/joda-time/2.10.5/joda-time-2.10.5.jar:/home/deosite/.m2/repository/io/cucumber/datatable/3.5.0/datatable-3.5.0.jar:/home/deosite/.m2/repository/org/apiguardian/apiguardian-api/1.1.1/apiguardian-api-1.1.1.jar:/home/deosite/.m2/repository/net/serenity-bdd/serenity-core/2.4.35/serenity-core-2.4.35.jar:/home/deosite/.m2/repository/net/serenity-bdd/serenity-model/2.4.35/serenity-model-2.4.35.jar:/home/deosite/.m2/repository/org/apache/commons/commons-text/1.9/commons-text-1.9.jar:/home/deosite/.m2/repository/com/google/guava/guava/30.1-jre/guava-30.1-jre.jar:/home/deosite/.m2/repository/com/google/guava/failureaccess/1.0.1/failureaccess-1.0.1.jar:/home/deosite/.m2/repository/com/google/guava/listenablefuture/9999.0-empty-to-avoid-conflict-with-guava/listenablefuture-9999.0-empty-to-avoid-conflict-with-guava.jar:/home/deosite/.m2/repository/com/google/code/findbugs/jsr305/3.0.2/jsr305-3.0.2.jar:/home/deosite/.m2/repository/org/checkerframework/checker-qual/3.5.0/checker-qual-3.5.0.jar:/home/deosite/.m2/repository/com/google/errorprone/error_prone_annotations/2.3.4/error_prone_annotations-2.3.4.jar:/home/deosite/.m2/repository/com/google/j2objc/j2objc-annotations/1.3/j2objc-annotations-1.3.jar:/home/deosite/.m2/repository/org/slf4j/slf4j-api/1.7.30/slf4j-api-1.7.30.jar:/home/deosite/.m2/repository/com/google/inject/guice/5.0.1/guice-5.0.1.jar:/home/deosite/.m2/repository/javax/inject/javax.inject/1/javax.inject-1.jar:/home/deosite/.m2/repository/aopalliance/aopalliance/1.0/aopalliance-1.0.jar:/home/deosite/.m2/repository/org/jsoup/jsoup/1.13.1/jsoup-1.13.1.jar:/home/deosite/.m2/repository/com/thoughtworks/xstream/xstream/1.4.17/xstream-1.4.17.jar:/home/deosite/.m2/repository/io/github/x-stream/mxparser/1.2.1/mxparser-1.2.1.jar:/home/deosite/.m2/repository/xmlpull/xmlpull/1.1.3.1/xmlpull-1.1.3.1.jar:/home/deosite/.m2/repository/com/typesafe/config/1.3.1/config-1.3.1.jar:/home/deosite/.m2/repository/org/imgscalr/imgscalr-lib/4.2/imgscalr-lib-4.2.jar:/home/deosite/.m2/repository/org/awaitility/awaitility/4.0.3/awaitility-4.0.3.jar:/home/deosite/.m2/repository/org/freemarker/freemarker/2.3.29/freemarker-2.3.29.jar:/home/deosite/.m2/repository/net/sourceforge/jexcelapi/jxl/2.6.12/jxl-2.6.12.jar:/home/deosite/.m2/repository/org/asciidoctor/asciidoctorj/2.5.1/asciidoctorj-2.5.1.jar:/home/deosite/.m2/repository/org/asciidoctor/asciidoctorj-api/2.5.1/asciidoctorj-api-2.5.1.jar:/home/deosite/.m2/repository/org/jruby/jruby/9.2.17.0/jruby-9.2.17.0.jar:/home/deosite/.m2/repository/org/jruby/jruby-core/9.2.17.0/jruby-core-9.2.17.0.jar:/home/deosite/.m2/repository/com/github/jnr/jnr-netdb/1.2.0/jnr-netdb-1.2.0.jar:/home/deosite/.m2/repository/com/github/jnr/jnr-enxio/0.32.3/jnr-enxio-0.32.3.jar:/home/deosite/.m2/repository/com/github/jnr/jnr-unixsocket/0.38.5/jnr-unixsocket-0.38.5.jar:/home/deosite/.m2/repository/com/github/jnr/jnr-posix/3.1.4/jnr-posix-3.1.4.jar:/home/deosite/.m2/repository/com/github/jnr/jnr-constants/0.10.1/jnr-constants-0.10.1.jar:/home/deosite/.m2/repository/com/github/jnr/jffi/1.3.1/jffi-1.3.1.jar:/home/deosite/.m2/repository/com/github/jnr/jffi/1.3.1/jffi-1.3.1-native.jar:/home/deosite/.m2/repository/org/jruby/joni/joni/2.1.31/joni-2.1.31.jar:/home/deosite/.m2/repository/org/jruby/jcodings/jcodings/1.0.46/jcodings-1.0.46.jar:/home/deosite/.m2/repository/org/jruby/dirgra/0.3/dirgra-0.3.jar:/home/deosite/.m2/repository/com/headius/invokebinder/1.11/invokebinder-1.11.jar:/home/deosite/.m2/repository/com/headius/options/1.4/options-1.4.jar:/home/deosite/.m2/repository/com/jcraft/jzlib/1.1.3/jzlib-1.1.3.jar:/home/deosite/.m2/repository/com/martiansoftware/nailgun-server/0.9.1/nailgun-server-0.9.1.jar:/home/deosite/.m2/repository/com/headius/backport9/1.8/backport9-1.8.jar:/home/deosite/.m2/repository/javax/annotation/javax.annotation-api/1.3.1/javax.annotation-api-1.3.1.jar:/home/deosite/.m2/repository/org/jruby/jruby-stdlib/9.2.17.0/jruby-stdlib-9.2.17.0.jar:/home/deosite/.m2/repository/net/bytebuddy/byte-buddy/1.11.1/byte-buddy-1.11.1.jar:/home/deosite/.m2/repository/net/bytebuddy/byte-buddy-agent/1.11.1/byte-buddy-agent-1.11.1.jar:/home/deosite/.m2/repository/org/objenesis/objenesis/3.1/objenesis-3.1.jar:/home/deosite/.m2/repository/net/serenity-bdd/serenity-reports/2.4.35/serenity-reports-2.4.35.jar:/home/deosite/.m2/repository/net/serenity-bdd/serenity-stats/2.4.35/serenity-stats-2.4.35.jar:/home/deosite/.m2/repository/net/serenity-bdd/serenity-reports-configuration/2.4.35/serenity-reports-configuration-2.4.35.jar:/home/deosite/.m2/repository/com/vladsch/flexmark/flexmark-all/0.34.30/flexmark-all-0.34.30.jar:/home/deosite/.m2/repository/com/vladsch/flexmark/flexmark/0.34.30/flexmark-0.34.30.jar:/home/deosite/.m2/repository/com/vladsch/flexmark/flexmark-ext-abbreviation/0.34.30/flexmark-ext-abbreviation-0.34.30.jar:/home/deosite/.m2/repository/com/vladsch/flexmark/flexmark-ext-admonition/0.34.30/flexmark-ext-admonition-0.34.30.jar:/home/deosite/.m2/repository/com/vladsch/flexmark/flexmark-ext-anchorlink/0.34.30/flexmark-ext-anchorlink-0.34.30.jar:/home/deosite/.m2/repository/com/vladsch/flexmark/flexmark-ext-aside/0.34.30/flexmark-ext-aside-0.34.30.jar:/home/deosite/.m2/repository/com/vladsch/flexmark/flexmark-ext-attributes/0.34.30/flexmark-ext-attributes-0.34.30.jar:/home/deosite/.m2/repository/com/vladsch/flexmark/flexmark-ext-autolink/0.34.30/flexmark-ext-autolink-0.34.30.jar:/home/deosite/.m2/repository/org/nibor/autolink/autolink/0.6.0/autolink-0.6.0.jar:/home/deosite/.m2/repository/com/vladsch/flexmark/flexmark-ext-definition/0.34.30/flexmark-ext-definition-0.34.30.jar:/home/deosite/.m2/repository/com/vladsch/flexmark/flexmark-ext-emoji/0.34.30/flexmark-ext-emoji-0.34.30.jar:/home/deosite/.m2/repository/com/vladsch/flexmark/flexmark-ext-enumerated-reference/0.34.30/flexmark-ext-enumerated-reference-0.34.30.jar:/home/deosite/.m2/repository/com/vladsch/flexmark/flexmark-ext-escaped-character/0.34.30/flexmark-ext-escaped-character-0.34.30.jar:/home/deosite/.m2/repository/com/vladsch/flexmark/flexmark-ext-footnotes/0.34.30/flexmark-ext-footnotes-0.34.30.jar:/home/deosite/.m2/repository/com/vladsch/flexmark/flexmark-ext-gfm-issues/0.34.30/flexmark-ext-gfm-issues-0.34.30.jar:/home/deosite/.m2/repository/com/vladsch/flexmark/flexmark-ext-gfm-strikethrough/0.34.30/flexmark-ext-gfm-strikethrough-0.34.30.jar:/home/deosite/.m2/repository/com/vladsch/flexmark/flexmark-ext-gfm-tables/0.34.30/flexmark-ext-gfm-tables-0.34.30.jar:/home/deosite/.m2/repository/com/vladsch/flexmark/flexmark-ext-gfm-tasklist/0.34.30/flexmark-ext-gfm-tasklist-0.34.30.jar:/home/deosite/.m2/repository/com/vladsch/flexmark/flexmark-ext-gfm-users/0.34.30/flexmark-ext-gfm-users-0.34.30.jar:/home/deosite/.m2/repository/com/vladsch/flexmark/flexmark-ext-gitlab/0.34.30/flexmark-ext-gitlab-0.34.30.jar:/home/deosite/.m2/repository/com/vladsch/flexmark/flexmark-ext-jekyll-front-matter/0.34.30/flexmark-ext-jekyll-front-matter-0.34.30.jar:/home/deosite/.m2/repository/com/vladsch/flexmark/flexmark-ext-jekyll-tag/0.34.30/flexmark-ext-jekyll-tag-0.34.30.jar:/home/deosite/.m2/repository/com/vladsch/flexmark/flexmark-ext-media-tags/0.34.30/flexmark-ext-media-tags-0.34.30.jar:/home/deosite/.m2/repository/com/vladsch/flexmark/flexmark-test-util/0.34.30/flexmark-test-util-0.34.30.jar:/home/deosite/.m2/repository/com/vladsch/flexmark/flexmark-ext-ins/0.34.30/flexmark-ext-ins-0.34.30.jar:/home/deosite/.m2/repository/com/vladsch/flexmark/flexmark-ext-xwiki-macros/0.34.30/flexmark-ext-xwiki-macros-0.34.30.jar:/home/deosite/.m2/repository/com/vladsch/flexmark/flexmark-ext-superscript/0.34.30/flexmark-ext-superscript-0.34.30.jar:/home/deosite/.m2/repository/com/vladsch/flexmark/flexmark-ext-tables/0.34.30/flexmark-ext-tables-0.34.30.jar:/home/deosite/.m2/repository/com/vladsch/flexmark/flexmark-ext-toc/0.34.30/flexmark-ext-toc-0.34.30.jar:/home/deosite/.m2/repository/com/vladsch/flexmark/flexmark-ext-typographic/0.34.30/flexmark-ext-typographic-0.34.30.jar:/home/deosite/.m2/repository/com/vladsch/flexmark/flexmark-ext-wikilink/0.34.30/flexmark-ext-wikilink-0.34.30.jar:/home/deosite/.m2/repository/com/vladsch/flexmark/flexmark-ext-yaml-front-matter/0.34.30/flexmark-ext-yaml-front-matter-0.34.30.jar:/home/deosite/.m2/repository/com/vladsch/flexmark/flexmark-ext-youtube-embedded/0.34.30/flexmark-ext-youtube-embedded-0.34.30.jar:/home/deosite/.m2/repository/com/vladsch/flexmark/flexmark-formatter/0.34.30/flexmark-formatter-0.34.30.jar:/home/deosite/.m2/repository/com/vladsch/flexmark/flexmark-html-parser/0.34.30/flexmark-html-parser-0.34.30.jar:/home/deosite/.m2/repository/com/vladsch/flexmark/flexmark-jira-converter/0.34.30/flexmark-jira-converter-0.34.30.jar:/home/deosite/.m2/repository/com/vladsch/flexmark/flexmark-pdf-converter/0.34.30/flexmark-pdf-converter-0.34.30.jar:/home/deosite/.m2/repository/com/openhtmltopdf/openhtmltopdf-core/0.0.1-RC13/openhtmltopdf-core-0.0.1-RC13.jar:/home/deosite/.m2/repository/com/openhtmltopdf/openhtmltopdf-pdfbox/0.0.1-RC13/openhtmltopdf-pdfbox-0.0.1-RC13.jar:/home/deosite/.m2/repository/org/apache/pdfbox/pdfbox/2.0.8/pdfbox-2.0.8.jar:/home/deosite/.m2/repository/org/apache/pdfbox/fontbox/2.0.8/fontbox-2.0.8.jar:/home/deosite/.m2/repository/org/apache/pdfbox/xmpbox/2.0.8/xmpbox-2.0.8.jar:/home/deosite/.m2/repository/de/rototor/pdfbox/graphics2d/0.12/graphics2d-0.12.jar:/home/deosite/.m2/repository/com/openhtmltopdf/openhtmltopdf-rtl-support/0.0.1-RC13/openhtmltopdf-rtl-support-0.0.1-RC13.jar:/home/deosite/.m2/repository/com/ibm/icu/icu4j/59.1/icu4j-59.1.jar:/home/deosite/.m2/repository/com/openhtmltopdf/openhtmltopdf-jsoup-dom-converter/0.0.1-RC13/openhtmltopdf-jsoup-dom-converter-0.0.1-RC13.jar:/home/deosite/.m2/repository/com/vladsch/flexmark/flexmark-profile-pegdown/0.34.30/flexmark-profile-pegdown-0.34.30.jar:/home/deosite/.m2/repository/com/vladsch/flexmark/flexmark-util/0.34.30/flexmark-util-0.34.30.jar:/home/deosite/.m2/repository/com/vladsch/flexmark/flexmark-youtrack-converter/0.34.30/flexmark-youtrack-converter-0.34.30.jar:/home/deosite/.m2/repository/es/nitaur/markdown/txtmark/0.16/txtmark-0.16.jar:/home/deosite/.m2/repository/net/serenity-bdd/serenity-report-resources/2.4.35/serenity-report-resources-2.4.35.jar:/home/deosite/.m2/repository/com/google/code/gson/gson/2.8.7/gson-2.8.7.jar:/home/deosite/.m2/repository/commons-codec/commons-codec/1.15/commons-codec-1.15.jar:/home/deosite/.m2/repository/commons-io/commons-io/2.8.0/commons-io-2.8.0.jar:/home/deosite/.m2/repository/org/seleniumhq/selenium/selenium-server/3.141.59/selenium-server-3.141.59.jar:/home/deosite/.m2/repository/org/seleniumhq/selenium/selenium-opera-driver/3.141.59/selenium-opera-driver-3.141.59.jar:/home/deosite/.m2/repository/org/seleniumhq/selenium/selenium-remote-driver/3.141.59/selenium-remote-driver-3.141.59.jar:/home/deosite/.m2/repository/org/seleniumhq/selenium/selenium-safari-driver/3.141.59/selenium-safari-driver-3.141.59.jar:/home/deosite/.m2/repository/com/beust/jcommander/1.72/jcommander-1.72.jar:/home/deosite/.m2/repository/org/apache/commons/commons-exec/1.3/commons-exec-1.3.jar:/home/deosite/.m2/repository/net/jcip/jcip-annotations/1.0/jcip-annotations-1.0.jar:/home/deosite/.m2/repository/org/seleniumhq/selenium/jetty-repacked/9.4.12.v20180830/jetty-repacked-9.4.12.v20180830.jar:/home/deosite/.m2/repository/com/squareup/okhttp3/okhttp/3.11.0/okhttp-3.11.0.jar:/home/deosite/.m2/repository/com/squareup/okio/okio/1.14.0/okio-1.14.0.jar:/home/deosite/.m2/repository/javax/servlet/javax.servlet-api/3.1.0/javax.servlet-api-3.1.0.jar:/home/deosite/.m2/repository/org/yaml/snakeyaml/1.19/snakeyaml-1.19.jar:/home/deosite/.m2/repository/org/seleniumhq/selenium/selenium-java/3.141.59/selenium-java-3.141.59.jar:/home/deosite/.m2/repository/org/seleniumhq/selenium/selenium-api/3.141.59/selenium-api-3.141.59.jar:/home/deosite/.m2/repository/org/seleniumhq/selenium/selenium-support/3.141.59/selenium-support-3.141.59.jar:/home/deosite/.m2/repository/org/seleniumhq/selenium/selenium-chrome-driver/3.141.59/selenium-chrome-driver-3.141.59.jar:/home/deosite/.m2/repository/org/seleniumhq/selenium/selenium-firefox-driver/3.141.59/selenium-firefox-driver-3.141.59.jar:/home/deosite/.m2/repository/org/seleniumhq/selenium/selenium-edge-driver/3.141.59/selenium-edge-driver-3.141.59.jar:/home/deosite/.m2/repository/org/seleniumhq/selenium/selenium-ie-driver/3.141.59/selenium-ie-driver-3.141.59.jar:/home/deosite/.m2/repository/net/sourceforge/htmlunit/htmlunit/2.47.1/htmlunit-2.47.1.jar:/home/deosite/.m2/repository/xalan/xalan/2.7.2/xalan-2.7.2.jar:/home/deosite/.m2/repository/xalan/serializer/2.7.2/serializer-2.7.2.jar:/home/deosite/.m2/repository/org/apache/httpcomponents/httpmime/4.5.13/httpmime-4.5.13.jar:/home/deosite/.m2/repository/org/apache/httpcomponents/httpclient/4.5.13/httpclient-4.5.13.jar:/home/deosite/.m2/repository/org/apache/httpcomponents/httpcore/4.4.13/httpcore-4.4.13.jar:/home/deosite/.m2/repository/net/sourceforge/htmlunit/htmlunit-core-js/2.47.0/htmlunit-core-js-2.47.0.jar:/home/deosite/.m2/repository/net/sourceforge/htmlunit/neko-htmlunit/2.47.1/neko-htmlunit-2.47.1.jar:/home/deosite/.m2/repository/xerces/xercesImpl/2.12.0/xercesImpl-2.12.0.jar:/home/deosite/.m2/repository/xml-apis/xml-apis/1.4.01/xml-apis-1.4.01.jar:/home/deosite/.m2/repository/net/sourceforge/htmlunit/htmlunit-cssparser/1.7.0/htmlunit-cssparser-1.7.0.jar:/home/deosite/.m2/repository/org/brotli/dec/0.1.2/dec-0.1.2.jar:/home/deosite/.m2/repository/com/shapesecurity/salvation2/3.0.0/salvation2-3.0.0.jar:/home/deosite/.m2/repository/org/eclipse/jetty/websocket/websocket-client/9.4.36.v20210114/websocket-client-9.4.36.v20210114.jar:/home/deosite/.m2/repository/org/eclipse/jetty/jetty-client/9.4.36.v20210114/jetty-client-9.4.36.v20210114.jar:/home/deosite/.m2/repository/org/eclipse/jetty/jetty-http/9.4.36.v20210114/jetty-http-9.4.36.v20210114.jar:/home/deosite/.m2/repository/org/eclipse/jetty/jetty-util/9.4.36.v20210114/jetty-util-9.4.36.v20210114.jar:/home/deosite/.m2/repository/org/eclipse/jetty/jetty-io/9.4.36.v20210114/jetty-io-9.4.36.v20210114.jar:/home/deosite/.m2/repository/org/eclipse/jetty/websocket/websocket-common/9.4.36.v20210114/websocket-common-9.4.36.v20210114.jar:/home/deosite/.m2/repository/org/eclipse/jetty/websocket/websocket-api/9.4.36.v20210114/websocket-api-9.4.36.v20210114.jar:/home/deosite/.m2/repository/org/projectlombok/lombok/1.18.20/lombok-1.18.20.jar:/home/deosite/.m2/repository/org/seleniumhq/selenium/htmlunit-driver/2.47.1/htmlunit-driver-2.47.1.jar:/home/deosite/.m2/repository/com/codeborne/phantomjsdriver/1.4.4/phantomjsdriver-1.4.4.jar:/home/deosite/.m2/repository/io/appium/java-client/7.5.1/java-client-7.5.1.jar:/home/deosite/.m2/repository/commons-validator/commons-validator/1.7/commons-validator-1.7.jar:/home/deosite/.m2/repository/commons-digester/commons-digester/2.1/commons-digester-2.1.jar:/home/deosite/.m2/repository/org/aspectj/aspectjweaver/1.9.6/aspectjweaver-1.9.6.jar:/home/deosite/.m2/repository/org/codehaus/groovy/groovy/3.0.8/groovy-3.0.8.jar:/home/deosite/.m2/repository/net/sf/opencsv/opencsv/2.0/opencsv-2.0.jar:/home/deosite/.m2/repository/commons-beanutils/commons-beanutils/1.9.4/commons-beanutils-1.9.4.jar:/home/deosite/.m2/repository/commons-collections/commons-collections/3.2.2/commons-collections-3.2.2.jar:/home/deosite/.m2/repository/org/fluentlenium/fluentlenium-core/0.10.2/fluentlenium-core-0.10.2.jar:/home/deosite/.m2/repository/io/github/bonigarcia/webdrivermanager/4.4.1/webdrivermanager-4.4.1.jar:/home/deosite/.m2/repository/org/apache/httpcomponents/client5/httpclient5/5.0.3/httpclient5-5.0.3.jar:/home/deosite/.m2/repository/org/apache/httpcomponents/core5/httpcore5/5.0.2/httpcore5-5.0.2.jar:/home/deosite/.m2/repository/org/apache/httpcomponents/core5/httpcore5-h2/5.0.2/httpcore5-h2-5.0.2.jar:/home/deosite/.m2/repository/org/rauschig/jarchivelib/1.1.0/jarchivelib-1.1.0.jar:/home/deosite/.m2/repository/org/apache/commons/commons-compress/1.20/commons-compress-1.20.jar:/home/deosite/.m2/repository/com/jhlabs/filters/2.0.235/filters-2.0.235.jar:/home/deosite/.m2/repository/com/assertthat/selenium-shutterbug/1.5/selenium-shutterbug-1.5.jar:/home/deosite/.m2/repository/com/github/zafarkhaja/java-semver/0.9.0/java-semver-0.9.0.jar:/home/deosite/.m2/repository/ru/yandex/qatools/ashot/ashot/1.5.4/ashot-1.5.4.jar:/home/deosite/.m2/repository/com/paulhammant/ngwebdriver/1.1.5/ngwebdriver-1.1.5.jar:/home/deosite/.m2/repository/com/google/jimfs/jimfs/1.1/jimfs-1.1.jar:/home/deosite/.m2/repository/org/mockito/mockito-core/3.3.3/mockito-core-3.3.3.jar:/home/deosite/.m2/repository/org/assertj/assertj-core/3.18.0/assertj-core-3.18.0.jar:/home/deosite/.m2/repository/javax/xml/bind/jaxb-api/2.3.1/jaxb-api-2.3.1.jar:/home/deosite/.m2/repository/javax/activation/javax.activation-api/1.2.0/javax.activation-api-1.2.0.jar:/home/deosite/.m2/repository/com/sun/xml/bind/jaxb-core/2.3.0.1/jaxb-core-2.3.0.1.jar:/home/deosite/.m2/repository/com/sun/xml/bind/jaxb-impl/2.3.3/jaxb-impl-2.3.3.jar:/home/deosite/.m2/repository/jakarta/xml/bind/jakarta.xml.bind-api/2.3.3/jakarta.xml.bind-api-2.3.3.jar:/home/deosite/.m2/repository/com/sun/activation/jakarta.activation/1.2.2/jakarta.activation-1.2.2.jar:/home/deosite/.m2/repository/javax/activation/activation/1.1.1/activation-1.1.1.jar:/home/deosite/.m2/repository/net/serenity-bdd/serenity-junit/2.4.35/serenity-junit-2.4.35.jar:/home/deosite/.m2/repository/net/serenity-bdd/serenity-cucumber6/2.4.34/serenity-cucumber6-2.4.34.jar:/home/deosite/.m2/repository/io/cucumber/datatable-matchers/3.4.0/datatable-matchers-3.4.0.jar:/home/deosite/.m2/repository/commons-logging/commons-logging/1.2/commons-logging-1.2.jar:/home/deosite/.m2/repository/org/apache/commons/commons-csv/1.5/commons-csv-1.5.jar:/home/deosite/.m2/repository/net/serenity-bdd/serenity-ensure/2.4.35/serenity-ensure-2.4.35.jar:/home/deosite/.m2/repository/org/jetbrains/kotlin/kotlin-stdlib/1.5.0/kotlin-stdlib-1.5.0.jar:/home/deosite/.m2/repository/org/jetbrains/annotations/13.0/annotations-13.0.jar:/home/deosite/.m2/repository/org/jetbrains/kotlin/kotlin-stdlib-common/1.5.0/kotlin-stdlib-common-1.5.0.jar:/home/deosite/.m2/repository/net/serenity-bdd/serenity-screenplay/2.4.35/serenity-screenplay-2.4.35.jar:/home/deosite/.m2/repository/net/serenity-bdd/serenity-screenplay-webdriver/2.4.35/serenity-screenplay-webdriver-2.4.35.jar:/home/deosite/.m2/repository/io/cucumber/cucumber-java/6.10.4/cucumber-java-6.10.4.jar:/home/deosite/.m2/repository/io/cucumber/cucumber-core/6.10.4/cucumber-core-6.10.4.jar:/home/deosite/.m2/repository/io/cucumber/cucumber-gherkin/6.10.4/cucumber-gherkin-6.10.4.jar:/home/deosite/.m2/repository/io/cucumber/cucumber-gherkin-messages/6.10.4/cucumber-gherkin-messages-6.10.4.jar:/home/deosite/.m2/repository/io/cucumber/messages/15.0.0/messages-15.0.0.jar:/home/deosite/.m2/repository/io/cucumber/tag-expressions/3.0.1/tag-expressions-3.0.1.jar:/home/deosite/.m2/repository/io/cucumber/cucumber-expressions/10.3.0/cucumber-expressions-10.3.0.jar:/home/deosite/.m2/repository/io/cucumber/cucumber-plugin/6.10.4/cucumber-plugin-6.10.4.jar:/home/deosite/.m2/repository/io/cucumber/docstring/6.10.4/docstring-6.10.4.jar:/home/deosite/.m2/repository/io/cucumber/html-formatter/13.0.0/html-formatter-13.0.0.jar:/home/deosite/.m2/repository/io/cucumber/create-meta/4.0.0/create-meta-4.0.0.jar:/home/deosite/.m2/repository/io/cucumber/cucumber-junit/6.10.4/cucumber-junit-6.10.4.jar:/home/deosite/.m2/repository/org/hamcrest/hamcrest/2.2/hamcrest-2.2.jar:/home/deosite/.m2/repository/junit/junit/4.13.2/junit-4.13.2.jar:/home/deosite/.m2/repository/org/hamcrest/hamcrest-core/1.3/hamcrest-core-1.3.jar:/home/deosite/.m2/repository/org/junit/jupiter/junit-jupiter-api/5.7.0/junit-jupiter-api-5.7.0.jar:/home/deosite/.m2/repository/org/opentest4j/opentest4j/1.2.0/opentest4j-1.2.0.jar:/home/deosite/.m2/repository/org/junit/platform/junit-platform-commons/1.7.0/junit-platform-commons-1.7.0.jar:/home/deosite/.m2/repository/org/junit/jupiter/junit-jupiter-engine/5.7.0/junit-jupiter-engine-5.7.0.jar:/home/deosite/.m2/repository/org/junit/platform/junit-platform-engine/1.7.0/junit-platform-engine-1.7.0.jar:/home/deosite/.m2/repository/org/junit/vintage/junit-vintage-engine/5.7.0/junit-vintage-engine-5.7.0.jar:"/>
    <property name="sun.cpu.endian" value="little"/>
    <property name="user.home" value="/home/deosite"/>
    <property name="user.language" value="en"/>
    <property name="java.specification.vendor" value="Oracle Corporation"/>
    <property name="java.version.date" value="2022-02-08"/>
    <property name="java.home" value="/usr/lib/jvm/java-11-openjdk-amd64"/>
    <property name="file.separator" value="/"/>
    <property name="basedir" value="/home/deosite/Dajar_Production_Main"/>
    <property name="java.vm.compressedOopsMode" value="32-bit"/>
    <property name="line.separator" value="&#10;"/>
    <property name="java.specification.name" value="Java Platform API Specification"/>
    <property name="java.vm.specification.vendor" value="Oracle Corporation"/>
    <property name="java.awt.graphicsenv" value="sun.awt.X11GraphicsEnvironment"/>
    <property name="surefire.real.class.path" value="/home/deosite/Dajar_Production_Main/target/surefire/surefirebooter4403568733890513399.jar"/>
    <property name="java.protocol.handler.pkgs" value="com.google.common"/>
    <property name="sun.management.compiler" value="HotSpot 64-Bit Tiered Compilers"/>
    <property name="java.runtime.version" value="11.0.14.1+1-Ubuntu-0ubuntu1.20.04"/>
    <property name="user.name" value="tekalign"/>
    <property name="path.separator" value=":"/>
    <property name="os.version" value="5.13.0-39-generic"/>
    <property name="java.runtime.name" value="OpenJDK Runtime Environment"/>
    <property name="file.encoding" value="UTF-8"/>
    <property name="java.vm.name" value="OpenJDK 64-Bit Server VM"/>
    <property name="localRepository" value="/home/deosite/.m2/repository"/>
    <property name="java.vendor.url.bug" value="https://bugs.launchpad.net/ubuntu/+source/openjdk-lts"/>
    <property name="java.io.tmpdir" value="/tmp"/>
    <property name="idea.version" value="2021.3.2"/>
    <property name="java.version" value="11.0.14.1"/>
    <property name="user.dir" value="/home/deosite/Dajar_Production_Main"/>
    <property name="os.arch" value="amd64"/>
    <property name="java.vm.specification.name" value="Java Virtual Machine Specification"/>
    <property name="java.awt.printerjob" value="sun.print.PSPrinterJob"/>
    <property name="sun.os.patch.level" value="unknown"/>
    <property name="java.library.path" value="/usr/java/packages/lib:/usr/lib/x86_64-linux-gnu/jni:/lib/x86_64-linux-gnu:/usr/lib/x86_64-linux-gnu:/usr/lib/jni:/lib:/usr/lib"/>
    <property name="java.vm.info" value="mixed mode, sharing"/>
    <property name="java.vendor" value="Ubuntu"/>
    <property name="java.vm.version" value="11.0.14.1+1-Ubuntu-0ubuntu1.20.04"/>
    <property name="sun.io.unicode.encoding" value="UnicodeLittle"/>
    <property name="java.class.version" value="55.0"/>
  </properties>
  <testcase name="Login and Order with courier delivery and transfer payment (changes shipping address)" classname="Order products logged in-2" time="37.085"/>
  <testcase name="Login and Order with courier delivery and pickup payment (changes billing address, click same shipping address checkbox)" classname="Order products logged in-2" time="36.972"/>
  <testcase name="Login and Order with courier delivery and paypal payment (changes shipping address)" classname="Order products logged in-2" time="34.821"/>
  <testcase name="Login and Order with courier delivery and transfer payment (changes shipping address, changes billing address)" classname="Order products logged in-2" time="35.347"/>
</testsuite>